[Params]
	WndTitle   = Программа установки пакета Genie
	WndMess    = Подготовка к установке GENIE...
	TmpDirSize = 500
	TmpDirName = ~msstfqf.t
	CmdLine    = _mstest genie.mst /C "/S %s %s"
	DrvModName = DSHELL

[Files]
	genie.ms_  = genie.mst
	genie.in_  = genie.inf
	setupapi.in_ = setupapi.inc
	msdetect.in_ = msdetect.inc
	mscomstf.dl_ = mscomstf.dll
	msinsstf.dl_ = msinsstf.dll
	msuilstf.dl_ = msuilstf.dll
	msshlstf.dl_ = msshlstf.dll
	mscuistf.dl_ = mscuistf.dll
	msdetstf.dl_ = msdetstf.dll
	_mstest.ex_  = _mstest.exe
